c:\users\kbc16b15\desktop\河原\授業\directxⅱ\個人製作\gametemplate\game\debug\game.pch
c:\users\kbc16b15\desktop\河原\授業\directxⅱ\個人製作\gametemplate\game\debug\vc140.pdb
c:\users\kbc16b15\desktop\河原\授業\directxⅱ\個人製作\gametemplate\game\debug\vc140.idb
c:\users\kbc16b15\desktop\河原\授業\directxⅱ\個人製作\gametemplate\game\debug\stdafx.obj
c:\users\kbc16b15\desktop\河原\授業\directxⅱ\個人製作\gametemplate\game\debug\map.obj
c:\users\kbc16b15\desktop\河原\授業\directxⅱ\個人製作\gametemplate\game\debug\animation.obj
c:\users\kbc16b15\desktop\河原\授業\directxⅱ\個人製作\gametemplate\game\debug\camera.obj
c:\users\kbc16b15\desktop\河原\授業\directxⅱ\個人製作\gametemplate\game\debug\effectmanager.obj
c:\users\kbc16b15\desktop\河原\授業\directxⅱ\個人製作\gametemplate\game\debug\skinmodel.obj
c:\users\kbc16b15\desktop\河原\授業\directxⅱ\個人製作\gametemplate\game\debug\skinmodeldata.obj
c:\users\kbc16b15\desktop\河原\授業\directxⅱ\個人製作\gametemplate\game\debug\pad.obj
c:\users\kbc16b15\desktop\河原\授業\directxⅱ\個人製作\gametemplate\game\debug\capsulecollider.obj
c:\users\kbc16b15\desktop\河原\授業\directxⅱ\個人製作\gametemplate\game\debug\charactercontroller.obj
c:\users\kbc16b15\desktop\河原\授業\directxⅱ\個人製作\gametemplate\game\debug\meshcollider.obj
c:\users\kbc16b15\desktop\河原\授業\directxⅱ\個人製作\gametemplate\game\debug\physics.obj
c:\users\kbc16b15\desktop\河原\授業\directxⅱ\個人製作\gametemplate\game\debug\rigidbody.obj
c:\users\kbc16b15\desktop\河原\授業\directxⅱ\個人製作\gametemplate\game\debug\system.obj
c:\users\kbc16b15\desktop\河原\授業\directxⅱ\個人製作\gametemplate\game\debug\bullet.obj
c:\users\kbc16b15\desktop\河原\授業\directxⅱ\個人製作\gametemplate\game\debug\mapchip.obj
c:\users\kbc16b15\desktop\河原\授業\directxⅱ\個人製作\gametemplate\game\debug\player.obj
c:\users\kbc16b15\desktop\河原\授業\directxⅱ\個人製作\gametemplate\game\debug\game.obj
c:\users\kbc16b15\desktop\河原\授業\directxⅱ\個人製作\gametemplate\game\debug\main.obj
c:\users\kbc16b15\desktop\河原\授業\directxⅱ\個人製作\gametemplate\game\debug\enemy.obj
c:\users\kbc16b15\desktop\河原\授業\directxⅱ\個人製作\gametemplate\debug\game.ilk
c:\users\kbc16b15\desktop\河原\授業\directxⅱ\個人製作\gametemplate\debug\game.exe
c:\users\kbc16b15\desktop\河原\授業\directxⅱ\個人製作\gametemplate\debug\game.pdb
c:\users\kbc16b15\desktop\河原\授業\directxⅱ\個人製作\gametemplate\game\debug\game.tlog\cl.command.1.tlog
c:\users\kbc16b15\desktop\河原\授業\directxⅱ\個人製作\gametemplate\game\debug\game.tlog\cl.read.1.tlog
c:\users\kbc16b15\desktop\河原\授業\directxⅱ\個人製作\gametemplate\game\debug\game.tlog\cl.write.1.tlog
c:\users\kbc16b15\desktop\河原\授業\directxⅱ\個人製作\gametemplate\game\debug\game.tlog\link.command.1.tlog
c:\users\kbc16b15\desktop\河原\授業\directxⅱ\個人製作\gametemplate\game\debug\game.tlog\link.read.1.tlog
c:\users\kbc16b15\desktop\河原\授業\directxⅱ\個人製作\gametemplate\game\debug\game.tlog\link.write.1.tlog
