c:\users\kbc16b15\desktop\github\game\gametemplate\bulletphysics\src\bulletcollision\bulletcollision.dir\release\btcompoundcompoundcollisionalgorithm.obj
c:\users\kbc16b15\desktop\github\game\gametemplate\bulletphysics\src\bulletcollision\bulletcollision.dir\release\btcompoundcollisionalgorithm.obj
c:\users\kbc16b15\desktop\github\game\gametemplate\bulletphysics\src\bulletcollision\bulletcollision.dir\release\btcollisionworldimporter.obj
c:\users\kbc16b15\desktop\github\game\gametemplate\bulletphysics\src\bulletcollision\bulletcollision.dir\release\btcollisionworld.obj
c:\users\kbc16b15\desktop\github\game\gametemplate\bulletphysics\src\bulletcollision\bulletcollision.dir\release\btcollisionobject.obj
c:\users\kbc16b15\desktop\github\game\gametemplate\bulletphysics\src\bulletcollision\bulletcollision.dir\release\btcollisiondispatcher.obj
c:\users\kbc16b15\desktop\github\game\gametemplate\bulletphysics\src\bulletcollision\bulletcollision.dir\release\btboxboxdetector.obj
c:\users\kbc16b15\desktop\github\game\gametemplate\bulletphysics\src\bulletcollision\bulletcollision.dir\release\btboxboxcollisionalgorithm.obj
c:\users\kbc16b15\desktop\github\game\gametemplate\bulletphysics\src\bulletcollision\bulletcollision.dir\release\btbox2dbox2dcollisionalgorithm.obj
c:\users\kbc16b15\desktop\github\game\gametemplate\bulletphysics\src\bulletcollision\bulletcollision.dir\release\btactivatingcollisionalgorithm.obj
c:\users\kbc16b15\desktop\github\game\gametemplate\bulletphysics\src\bulletcollision\bulletcollision.dir\release\btsimplebroadphase.obj
c:\users\kbc16b15\desktop\github\game\gametemplate\bulletphysics\src\bulletcollision\bulletcollision.dir\release\btquantizedbvh.obj
c:\users\kbc16b15\desktop\github\game\gametemplate\bulletphysics\src\bulletcollision\bulletcollision.dir\release\btoverlappingpaircache.obj
c:\users\kbc16b15\desktop\github\game\gametemplate\bulletphysics\src\bulletcollision\bulletcollision.dir\release\btmultisapbroadphase.obj
c:\users\kbc16b15\desktop\github\game\gametemplate\bulletphysics\src\bulletcollision\bulletcollision.dir\release\btdispatcher.obj
c:\users\kbc16b15\desktop\github\game\gametemplate\bulletphysics\src\bulletcollision\bulletcollision.dir\release\btdbvtbroadphase.obj
c:\users\kbc16b15\desktop\github\game\gametemplate\bulletphysics\src\bulletcollision\bulletcollision.dir\release\btdbvt.obj
c:\users\kbc16b15\desktop\github\game\gametemplate\bulletphysics\src\bulletcollision\bulletcollision.dir\release\btcollisionalgorithm.obj
c:\users\kbc16b15\desktop\github\game\gametemplate\bulletphysics\src\bulletcollision\bulletcollision.dir\release\btbroadphaseproxy.obj
c:\users\kbc16b15\desktop\github\game\gametemplate\bulletphysics\src\bulletcollision\bulletcollision.dir\release\btaxissweep3.obj
c:\users\kbc16b15\desktop\github\game\gametemplate\bulletphysics\src\bulletcollision\bulletcollision.dir\release\btcapsuleshape.obj
c:\users\kbc16b15\desktop\github\game\gametemplate\bulletphysics\src\bulletcollision\bulletcollision.dir\release\btbvhtrianglemeshshape.obj
c:\users\kbc16b15\desktop\github\game\gametemplate\bulletphysics\src\bulletcollision\bulletcollision.dir\release\btboxshape.obj
c:\users\kbc16b15\desktop\github\game\gametemplate\bulletphysics\src\bulletcollision\bulletcollision.dir\release\btbox2dshape.obj
c:\users\kbc16b15\desktop\github\game\gametemplate\bulletphysics\src\bulletcollision\bulletcollision.dir\release\spheretriangledetector.obj
c:\users\kbc16b15\desktop\github\game\gametemplate\bulletphysics\src\bulletcollision\bulletcollision.dir\release\btunionfind.obj
c:\users\kbc16b15\desktop\github\game\gametemplate\bulletphysics\src\bulletcollision\bulletcollision.dir\release\btspheretrianglecollisionalgorithm.obj
c:\users\kbc16b15\desktop\github\game\gametemplate\bulletphysics\src\bulletcollision\bulletcollision.dir\release\btspherespherecollisionalgorithm.obj
c:\users\kbc16b15\desktop\github\game\gametemplate\bulletphysics\src\bulletcollision\bulletcollision.dir\release\btsphereboxcollisionalgorithm.obj
c:\users\kbc16b15\desktop\github\game\gametemplate\bulletphysics\src\bulletcollision\bulletcollision.dir\release\btsimulationislandmanager.obj
c:\users\kbc16b15\desktop\github\game\gametemplate\bulletphysics\src\bulletcollision\bulletcollision.dir\release\btmanifoldresult.obj
c:\users\kbc16b15\desktop\github\game\gametemplate\bulletphysics\src\bulletcollision\bulletcollision.dir\release\btinternaledgeutility.obj
c:\users\kbc16b15\desktop\github\game\gametemplate\bulletphysics\src\bulletcollision\bulletcollision.dir\release\bthashedsimplepaircache.obj
c:\users\kbc16b15\desktop\github\game\gametemplate\bulletphysics\src\bulletcollision\bulletcollision.dir\release\btghostobject.obj
c:\users\kbc16b15\desktop\github\game\gametemplate\bulletphysics\src\bulletcollision\bulletcollision.dir\release\btemptycollisionalgorithm.obj
c:\users\kbc16b15\desktop\github\game\gametemplate\bulletphysics\src\bulletcollision\bulletcollision.dir\release\btdefaultcollisionconfiguration.obj
c:\users\kbc16b15\desktop\github\game\gametemplate\bulletphysics\src\bulletcollision\bulletcollision.dir\release\btconvexplanecollisionalgorithm.obj
c:\users\kbc16b15\desktop\github\game\gametemplate\bulletphysics\src\bulletcollision\bulletcollision.dir\release\btconvexconvexalgorithm.obj
c:\users\kbc16b15\desktop\github\game\gametemplate\bulletphysics\src\bulletcollision\bulletcollision.dir\release\btconvexconcavecollisionalgorithm.obj
c:\users\kbc16b15\desktop\github\game\gametemplate\bulletphysics\src\bulletcollision\bulletcollision.dir\release\btconvex2dconvex2dalgorithm.obj
c:\users\kbc16b15\desktop\github\game\gametemplate\bulletphysics\src\bulletcollision\bulletcollision.dir\release\btscaledbvhtrianglemeshshape.obj
c:\users\kbc16b15\desktop\github\game\gametemplate\bulletphysics\src\bulletcollision\bulletcollision.dir\release\btpolyhedralconvexshape.obj
c:\users\kbc16b15\desktop\github\game\gametemplate\bulletphysics\src\bulletcollision\bulletcollision.dir\release\btoptimizedbvh.obj
c:\users\kbc16b15\desktop\github\game\gametemplate\bulletphysics\src\bulletcollision\bulletcollision.dir\release\btmultisphereshape.obj
c:\users\kbc16b15\desktop\github\game\gametemplate\bulletphysics\src\bulletcollision\bulletcollision.dir\release\btmultimaterialtrianglemeshshape.obj
c:\users\kbc16b15\desktop\github\game\gametemplate\bulletphysics\src\bulletcollision\bulletcollision.dir\release\btminkowskisumshape.obj
c:\users\kbc16b15\desktop\github\game\gametemplate\bulletphysics\src\bulletcollision\bulletcollision.dir\release\btheightfieldterrainshape.obj
c:\users\kbc16b15\desktop\github\game\gametemplate\bulletphysics\src\bulletcollision\bulletcollision.dir\release\btemptyshape.obj
c:\users\kbc16b15\desktop\github\game\gametemplate\bulletphysics\src\bulletcollision\bulletcollision.dir\release\btcylindershape.obj
c:\users\kbc16b15\desktop\github\game\gametemplate\bulletphysics\src\bulletcollision\bulletcollision.dir\release\btconvextrianglemeshshape.obj
c:\users\kbc16b15\desktop\github\game\gametemplate\bulletphysics\src\bulletcollision\bulletcollision.dir\release\btconvexshape.obj
c:\users\kbc16b15\desktop\github\game\gametemplate\bulletphysics\src\bulletcollision\bulletcollision.dir\release\btconvexpolyhedron.obj
c:\users\kbc16b15\desktop\github\game\gametemplate\bulletphysics\src\bulletcollision\bulletcollision.dir\release\btconvexpointcloudshape.obj
c:\users\kbc16b15\desktop\github\game\gametemplate\bulletphysics\src\bulletcollision\bulletcollision.dir\release\btconvexinternalshape.obj
c:\users\kbc16b15\desktop\github\game\gametemplate\bulletphysics\src\bulletcollision\bulletcollision.dir\release\btconvexhullshape.obj
c:\users\kbc16b15\desktop\github\game\gametemplate\bulletphysics\src\bulletcollision\bulletcollision.dir\release\btconvex2dshape.obj
c:\users\kbc16b15\desktop\github\game\gametemplate\bulletphysics\src\bulletcollision\bulletcollision.dir\release\btconeshape.obj
c:\users\kbc16b15\desktop\github\game\gametemplate\bulletphysics\src\bulletcollision\bulletcollision.dir\release\btconcaveshape.obj
c:\users\kbc16b15\desktop\github\game\gametemplate\bulletphysics\src\bulletcollision\bulletcollision.dir\release\btcompoundshape.obj
c:\users\kbc16b15\desktop\github\game\gametemplate\bulletphysics\src\bulletcollision\bulletcollision.dir\release\btcollisionshape.obj
c:\users\kbc16b15\desktop\github\game\gametemplate\bulletphysics\src\bulletcollision\bulletcollision.dir\release\gim_box_set.obj
c:\users\kbc16b15\desktop\github\game\gametemplate\bulletphysics\src\bulletcollision\bulletcollision.dir\release\bttriangleshapeex.obj
c:\users\kbc16b15\desktop\github\game\gametemplate\bulletphysics\src\bulletcollision\bulletcollision.dir\release\btgimpactshape.obj
c:\users\kbc16b15\desktop\github\game\gametemplate\bulletphysics\src\bulletcollision\bulletcollision.dir\release\btgimpactquantizedbvh.obj
c:\users\kbc16b15\desktop\github\game\gametemplate\bulletphysics\src\bulletcollision\bulletcollision.dir\release\btgimpactcollisionalgorithm.obj
c:\users\kbc16b15\desktop\github\game\gametemplate\bulletphysics\src\bulletcollision\bulletcollision.dir\release\btgimpactbvh.obj
c:\users\kbc16b15\desktop\github\game\gametemplate\bulletphysics\src\bulletcollision\bulletcollision.dir\release\btgenericpoolallocator.obj
c:\users\kbc16b15\desktop\github\game\gametemplate\bulletphysics\src\bulletcollision\bulletcollision.dir\release\btcontactprocessing.obj
c:\users\kbc16b15\desktop\github\game\gametemplate\bulletphysics\src\bulletcollision\bulletcollision.dir\release\btuniformscalingshape.obj
c:\users\kbc16b15\desktop\github\game\gametemplate\bulletphysics\src\bulletcollision\bulletcollision.dir\release\bttrianglemeshshape.obj
c:\users\kbc16b15\desktop\github\game\gametemplate\bulletphysics\src\bulletcollision\bulletcollision.dir\release\bttrianglemesh.obj
c:\users\kbc16b15\desktop\github\game\gametemplate\bulletphysics\src\bulletcollision\bulletcollision.dir\release\bttriangleindexvertexmaterialarray.obj
c:\users\kbc16b15\desktop\github\game\gametemplate\bulletphysics\src\bulletcollision\bulletcollision.dir\release\bttriangleindexvertexarray.obj
c:\users\kbc16b15\desktop\github\game\gametemplate\bulletphysics\src\bulletcollision\bulletcollision.dir\release\bttrianglecallback.obj
c:\users\kbc16b15\desktop\github\game\gametemplate\bulletphysics\src\bulletcollision\bulletcollision.dir\release\bttrianglebuffer.obj
c:\users\kbc16b15\desktop\github\game\gametemplate\bulletphysics\src\bulletcollision\bulletcollision.dir\release\bttetrahedronshape.obj
c:\users\kbc16b15\desktop\github\game\gametemplate\bulletphysics\src\bulletcollision\bulletcollision.dir\release\btstridingmeshinterface.obj
c:\users\kbc16b15\desktop\github\game\gametemplate\bulletphysics\src\bulletcollision\bulletcollision.dir\release\btstaticplaneshape.obj
c:\users\kbc16b15\desktop\github\game\gametemplate\bulletphysics\src\bulletcollision\bulletcollision.dir\release\btsphereshape.obj
c:\users\kbc16b15\desktop\github\game\gametemplate\bulletphysics\src\bulletcollision\bulletcollision.dir\release\btshapehull.obj
c:\users\kbc16b15\desktop\github\game\gametemplate\bulletphysics\src\bulletcollision\bulletcollision.dir\release\btvoronoisimplexsolver.obj
c:\users\kbc16b15\desktop\github\game\gametemplate\bulletphysics\src\bulletcollision\bulletcollision.dir\release\btsubsimplexconvexcast.obj
c:\users\kbc16b15\desktop\github\game\gametemplate\bulletphysics\src\bulletcollision\bulletcollision.dir\release\btraycastcallback.obj
c:\users\kbc16b15\desktop\github\game\gametemplate\bulletphysics\src\bulletcollision\bulletcollision.dir\release\btpolyhedralcontactclipping.obj
c:\users\kbc16b15\desktop\github\game\gametemplate\bulletphysics\src\bulletcollision\bulletcollision.dir\release\btpersistentmanifold.obj
c:\users\kbc16b15\desktop\github\game\gametemplate\bulletphysics\src\bulletcollision\bulletcollision.dir\release\btminkowskipenetrationdepthsolver.obj
c:\users\kbc16b15\desktop\github\game\gametemplate\bulletphysics\src\bulletcollision\bulletcollision.dir\release\btgjkpairdetector.obj
c:\users\kbc16b15\desktop\github\game\gametemplate\bulletphysics\src\bulletcollision\bulletcollision.dir\release\btgjkepapenetrationdepthsolver.obj
c:\users\kbc16b15\desktop\github\game\gametemplate\bulletphysics\src\bulletcollision\bulletcollision.dir\release\btgjkepa2.obj
c:\users\kbc16b15\desktop\github\game\gametemplate\bulletphysics\src\bulletcollision\bulletcollision.dir\release\btgjkconvexcast.obj
c:\users\kbc16b15\desktop\github\game\gametemplate\bulletphysics\src\bulletcollision\bulletcollision.dir\release\btconvexcast.obj
c:\users\kbc16b15\desktop\github\game\gametemplate\bulletphysics\src\bulletcollision\bulletcollision.dir\release\btcontinuousconvexcollision.obj
c:\users\kbc16b15\desktop\github\game\gametemplate\bulletphysics\src\bulletcollision\bulletcollision.dir\release\gim_tri_collision.obj
c:\users\kbc16b15\desktop\github\game\gametemplate\bulletphysics\src\bulletcollision\bulletcollision.dir\release\gim_memory.obj
c:\users\kbc16b15\desktop\github\game\gametemplate\bulletphysics\src\bulletcollision\bulletcollision.dir\release\gim_contact.obj
c:\users\kbc16b15\desktop\github\game\gametemplate\bulletphysics\lib\release\bulletcollision.lib
c:\users\kbc16b15\desktop\github\game\gametemplate\\bulletphysics\lib\release\bulletcollision.lib
c:\users\kbc16b15\desktop\github\game\gametemplate\bulletphysics\src\bulletcollision\bulletcollision.dir\release\bulletcollision.tlog\cl.command.1.tlog
c:\users\kbc16b15\desktop\github\game\gametemplate\bulletphysics\src\bulletcollision\bulletcollision.dir\release\bulletcollision.tlog\cl.read.1.tlog
c:\users\kbc16b15\desktop\github\game\gametemplate\bulletphysics\src\bulletcollision\bulletcollision.dir\release\bulletcollision.tlog\cl.write.1.tlog
c:\users\kbc16b15\desktop\github\game\gametemplate\bulletphysics\src\bulletcollision\bulletcollision.dir\release\bulletcollision.tlog\lib-link.read.1.tlog
c:\users\kbc16b15\desktop\github\game\gametemplate\bulletphysics\src\bulletcollision\bulletcollision.dir\release\bulletcollision.tlog\lib-link.write.1.tlog
c:\users\kbc16b15\desktop\github\game\gametemplate\bulletphysics\src\bulletcollision\bulletcollision.dir\release\bulletcollision.tlog\lib.command.1.tlog
