  btKinematicCharacterController.cpp
  btConeTwistConstraint.cpp
ConstraintSolver\btConeTwistConstraint.cpp(868): warning C4244: '=': 'double' から 'btScalar' への変換です。データが失われる可能性があります。
ConstraintSolver\btConeTwistConstraint.cpp(913): warning C4244: '=': 'double' から 'float' への変換です。データが失われる可能性があります。
ConstraintSolver\btConeTwistConstraint.cpp(973): warning C4244: '=': 'double' から 'btScalar' への変換です。データが失われる可能性があります。
ConstraintSolver\btConeTwistConstraint.cpp(975): warning C4244: '=': 'double' から 'btScalar' への変換です。データが失われる可能性があります。
  btContactConstraint.cpp
c:\users\kbc16b15\documents\github\game\gametemplate\bulletphysics\src\bulletdynamics\constraintsolver\btContactConstraint.h(25): warning C4359: 'btContactConstraint': アライメント指定子は実際のアラインメント (128) より小さいため、無視されます。
  btFixedConstraint.cpp
  btGearConstraint.cpp
  btGeneric6DofConstraint.cpp
  btGeneric6DofSpring2Constraint.cpp
ConstraintSolver\btGeneric6DofSpring2Constraint.cpp(786): warning C4244: '初期化中': 'double' から 'btScalar' への変換です。データが失われる可能性があります。
  btGeneric6DofSpringConstraint.cpp
  btHinge2Constraint.cpp
  btHingeConstraint.cpp
  btNNCGConstraintSolver.cpp
  btPoint2PointConstraint.cpp
  btSequentialImpulseConstraintSolver.cpp
  btSliderConstraint.cpp
  btSolve2LinearConstraint.cpp
  btTypedConstraint.cpp
  btUniversalConstraint.cpp
  btDiscreteDynamicsWorld.cpp
C:\Users\kbc16b15\Documents\github\game\GameTemplate\\BulletPhysics\src\BulletDynamics/ConstraintSolver/btContactConstraint.h(25): warning C4359: 'btContactConstraint': アライメント指定子は実際のアラインメント (128) より小さいため、無視されます。
  btRigidBody.cpp
  btSimpleDynamicsWorld.cpp
  コードを生成中...
  コンパイル中...
  btMultiBody.cpp
  btMultiBodyConstraint.cpp
  btMultiBodyConstraintSolver.cpp
  btMultiBodyDynamicsWorld.cpp
  btMultiBodyJointLimitConstraint.cpp
Featherstone\btMultiBodyJointLimitConstraint.cpp(114): warning C4244: '初期化中': 'int' から 'btScalar' への変換です。データが失われる可能性があります。
  btMultiBodyJointMotor.cpp
  btMultiBodyPoint2Point.cpp
  btDantzigLCP.cpp
  btLemkeAlgorithm.cpp
  btMLCPSolver.cpp
  btRaycastVehicle.cpp
C:\Users\kbc16b15\Documents\github\game\GameTemplate\\BulletPhysics\src\BulletDynamics/ConstraintSolver/btContactConstraint.h(25): warning C4359: 'btContactConstraint': アライメント指定子は実際のアラインメント (128) より小さいため、無視されます。
  btWheelInfo.cpp
  コードを生成中...
  BulletDynamics.vcxproj -> C:\Users\kbc16b15\Documents\github\game\GameTemplate\\bulletPhysics\lib\Release\BulletDynamics.lib
