c:\users\kbc16b15\documents\github\game\gametemplate\bulletphysics\src\bulletdynamics\bulletdynamics.dir\release\btsimpledynamicsworld.obj
c:\users\kbc16b15\documents\github\game\gametemplate\bulletphysics\src\bulletdynamics\bulletdynamics.dir\release\btrigidbody.obj
c:\users\kbc16b15\documents\github\game\gametemplate\bulletphysics\src\bulletdynamics\bulletdynamics.dir\release\btdiscretedynamicsworld.obj
c:\users\kbc16b15\documents\github\game\gametemplate\bulletphysics\src\bulletdynamics\bulletdynamics.dir\release\btuniversalconstraint.obj
c:\users\kbc16b15\documents\github\game\gametemplate\bulletphysics\src\bulletdynamics\bulletdynamics.dir\release\bttypedconstraint.obj
c:\users\kbc16b15\documents\github\game\gametemplate\bulletphysics\src\bulletdynamics\bulletdynamics.dir\release\btsolve2linearconstraint.obj
c:\users\kbc16b15\documents\github\game\gametemplate\bulletphysics\src\bulletdynamics\bulletdynamics.dir\release\btsliderconstraint.obj
c:\users\kbc16b15\documents\github\game\gametemplate\bulletphysics\src\bulletdynamics\bulletdynamics.dir\release\btsequentialimpulseconstraintsolver.obj
c:\users\kbc16b15\documents\github\game\gametemplate\bulletphysics\src\bulletdynamics\bulletdynamics.dir\release\btpoint2pointconstraint.obj
c:\users\kbc16b15\documents\github\game\gametemplate\bulletphysics\src\bulletdynamics\bulletdynamics.dir\release\btnncgconstraintsolver.obj
c:\users\kbc16b15\documents\github\game\gametemplate\bulletphysics\src\bulletdynamics\bulletdynamics.dir\release\bthingeconstraint.obj
c:\users\kbc16b15\documents\github\game\gametemplate\bulletphysics\src\bulletdynamics\bulletdynamics.dir\release\bthinge2constraint.obj
c:\users\kbc16b15\documents\github\game\gametemplate\bulletphysics\src\bulletdynamics\bulletdynamics.dir\release\btgeneric6dofspringconstraint.obj
c:\users\kbc16b15\documents\github\game\gametemplate\bulletphysics\src\bulletdynamics\bulletdynamics.dir\release\btgeneric6dofspring2constraint.obj
c:\users\kbc16b15\documents\github\game\gametemplate\bulletphysics\src\bulletdynamics\bulletdynamics.dir\release\btgeneric6dofconstraint.obj
c:\users\kbc16b15\documents\github\game\gametemplate\bulletphysics\src\bulletdynamics\bulletdynamics.dir\release\btgearconstraint.obj
c:\users\kbc16b15\documents\github\game\gametemplate\bulletphysics\src\bulletdynamics\bulletdynamics.dir\release\btfixedconstraint.obj
c:\users\kbc16b15\documents\github\game\gametemplate\bulletphysics\src\bulletdynamics\bulletdynamics.dir\release\btcontactconstraint.obj
c:\users\kbc16b15\documents\github\game\gametemplate\bulletphysics\src\bulletdynamics\bulletdynamics.dir\release\btconetwistconstraint.obj
c:\users\kbc16b15\documents\github\game\gametemplate\bulletphysics\src\bulletdynamics\bulletdynamics.dir\release\btkinematiccharactercontroller.obj
c:\users\kbc16b15\documents\github\game\gametemplate\bulletphysics\src\bulletdynamics\bulletdynamics.dir\release\btwheelinfo.obj
c:\users\kbc16b15\documents\github\game\gametemplate\bulletphysics\src\bulletdynamics\bulletdynamics.dir\release\btraycastvehicle.obj
c:\users\kbc16b15\documents\github\game\gametemplate\bulletphysics\src\bulletdynamics\bulletdynamics.dir\release\btmlcpsolver.obj
c:\users\kbc16b15\documents\github\game\gametemplate\bulletphysics\src\bulletdynamics\bulletdynamics.dir\release\btlemkealgorithm.obj
c:\users\kbc16b15\documents\github\game\gametemplate\bulletphysics\src\bulletdynamics\bulletdynamics.dir\release\btdantziglcp.obj
c:\users\kbc16b15\documents\github\game\gametemplate\bulletphysics\src\bulletdynamics\bulletdynamics.dir\release\btmultibodypoint2point.obj
c:\users\kbc16b15\documents\github\game\gametemplate\bulletphysics\src\bulletdynamics\bulletdynamics.dir\release\btmultibodyjointmotor.obj
c:\users\kbc16b15\documents\github\game\gametemplate\bulletphysics\src\bulletdynamics\bulletdynamics.dir\release\btmultibodyjointlimitconstraint.obj
c:\users\kbc16b15\documents\github\game\gametemplate\bulletphysics\src\bulletdynamics\bulletdynamics.dir\release\btmultibodydynamicsworld.obj
c:\users\kbc16b15\documents\github\game\gametemplate\bulletphysics\src\bulletdynamics\bulletdynamics.dir\release\btmultibodyconstraintsolver.obj
c:\users\kbc16b15\documents\github\game\gametemplate\bulletphysics\src\bulletdynamics\bulletdynamics.dir\release\btmultibodyconstraint.obj
c:\users\kbc16b15\documents\github\game\gametemplate\bulletphysics\src\bulletdynamics\bulletdynamics.dir\release\btmultibody.obj
c:\users\kbc16b15\documents\github\game\gametemplate\bulletphysics\lib\release\bulletdynamics.lib
c:\users\kbc16b15\documents\github\game\gametemplate\\bulletphysics\lib\release\bulletdynamics.lib
c:\users\kbc16b15\documents\github\game\gametemplate\bulletphysics\src\bulletdynamics\bulletdynamics.dir\release\bulletdynamics.tlog\cl.command.1.tlog
c:\users\kbc16b15\documents\github\game\gametemplate\bulletphysics\src\bulletdynamics\bulletdynamics.dir\release\bulletdynamics.tlog\cl.read.1.tlog
c:\users\kbc16b15\documents\github\game\gametemplate\bulletphysics\src\bulletdynamics\bulletdynamics.dir\release\bulletdynamics.tlog\cl.write.1.tlog
c:\users\kbc16b15\documents\github\game\gametemplate\bulletphysics\src\bulletdynamics\bulletdynamics.dir\release\bulletdynamics.tlog\lib-link.read.1.tlog
c:\users\kbc16b15\documents\github\game\gametemplate\bulletphysics\src\bulletdynamics\bulletdynamics.dir\release\bulletdynamics.tlog\lib-link.write.1.tlog
c:\users\kbc16b15\documents\github\game\gametemplate\bulletphysics\src\bulletdynamics\bulletdynamics.dir\release\bulletdynamics.tlog\lib.command.1.tlog
